✓ Initialized. View run at https://modal.com/apps/thomas-15/main/ap-2LmCbFMLWtURiOf3ia5RuR
✓ Created objects.
├── 🔨 Created mount /home/thomas/development/experiments/Meta-s-Jepa/decoder/vjepa_walker_replay_buffer_modal.py
└── 🔨 Created function walker_reward_dyna_experiment.
======================================================================
META-S-JEPA  Experiment 9: Walker-Walk Frozen Reward Head
======================================================================

[1] Loading V-JEPA 2 encoder...
Warning: You are sending unauthenticated requests to the HF Hub. Please set a HF_TOKEN to enable higher rate limits and faster downloads.
WARNING:huggingface_hub.utils._http:Warning: You are sending unauthenticated requests to the HF Hub. Please set a HF_TOKEN to enable higher rate limits and faster downloads.

[1ALoading weights:   0%|          | 0/587 [00:00<?, ?it/s]
[1ALoading weights:   4%|▍         | 24/587 [00:00<00:02, 227.10it/s]
[1ALoading weights:   8%|▊         | 47/587 [00:00<00:03, 178.54it/s]
[1ALoading weights:  12%|█▏        | 73/587 [00:00<00:02, 209.85it/s]
[1ALoading weights:  16%|█▋        | 96/587 [00:00<00:02, 212.68it/s]
[1ALoading weights:  23%|██▎       | 133/587 [00:00<00:01, 260.28it/s]
[1ALoading weights:  34%|███▍      | 201/587 [00:00<00:00, 390.48it/s]Loading weights: 100%|██████████| 587/587 [00:00<00:00, 839.90it/s]

[2] Loading offline raw walker frames from /rollouts/walker_walk...
    Loaded 20000 raw frames in 2.3s
    Embedding 20,000 offline frames... (This takes ~5 mins)
        Embedded 8 / 20000 frames...
        Embedded 16 / 20000 frames...
        Embedded 24 / 20000 frames...
        Embedded 32 / 20000 frames...
        Embedded 40 / 20000 frames...
        Embedded 48 / 20000 frames...
        Embedded 56 / 20000 frames...
        Embedded 64 / 20000 frames...
        Embedded 72 / 20000 frames...
        Embedded 80 / 20000 frames...
        Embedded 88 / 20000 frames...
        Embedded 96 / 20000 frames...
        Embedded 104 / 20000 frames...
        Embedded 112 / 20000 frames...
        Embedded 120 / 20000 frames...
        Embedded 128 / 20000 frames...
        Embedded 136 / 20000 frames...
        Embedded 144 / 20000 frames...
        Embedded 152 / 20000 frames...
        Embedded 160 / 20000 frames...
        Embedded 168 / 20000 frames...
        Embedded 176 / 20000 frames...
        Embedded 184 / 20000 frames...
        Embedded 192 / 20000 frames...
        Embedded 200 / 20000 frames...
        Embedded 208 / 20000 frames...
        Embedded 216 / 20000 frames...
        Embedded 224 / 20000 frames...
        Embedded 232 / 20000 frames...
        Embedded 240 / 20000 frames...
        Embedded 248 / 20000 frames...
        Embedded 256 / 20000 frames...
        Embedded 264 / 20000 frames...
        Embedded 272 / 20000 frames...
        Embedded 280 / 20000 frames...
        Embedded 288 / 20000 frames...
        Embedded 296 / 20000 frames...
        Embedded 304 / 20000 frames...
        Embedded 312 / 20000 frames...
        Embedded 320 / 20000 frames...
        Embedded 328 / 20000 frames...
        Embedded 336 / 20000 frames...
        Embedded 344 / 20000 frames...
        Embedded 352 / 20000 frames...
        Embedded 360 / 20000 frames...
        Embedded 368 / 20000 frames...
        Embedded 376 / 20000 frames...
        Embedded 384 / 20000 frames...
        Embedded 392 / 20000 frames...
        Embedded 400 / 20000 frames...
        Embedded 408 / 20000 frames...
        Embedded 416 / 20000 frames...
        Embedded 424 / 20000 frames...
        Embedded 432 / 20000 frames...
        Embedded 440 / 20000 frames...
        Embedded 448 / 20000 frames...
        Embedded 456 / 20000 frames...
        Embedded 464 / 20000 frames...
        Embedded 472 / 20000 frames...
        Embedded 480 / 20000 frames...
        Embedded 488 / 20000 frames...
        Embedded 496 / 20000 frames...
        Embedded 504 / 20000 frames...
        Embedded 512 / 20000 frames...
        Embedded 520 / 20000 frames...
        Embedded 528 / 20000 frames...
        Embedded 536 / 20000 frames...
        Embedded 544 / 20000 frames...
        Embedded 552 / 20000 frames...
        Embedded 560 / 20000 frames...
        Embedded 568 / 20000 frames...
        Embedded 576 / 20000 frames...
        Embedded 584 / 20000 frames...
        Embedded 592 / 20000 frames...
        Embedded 600 / 20000 frames...
        Embedded 608 / 20000 frames...
        Embedded 616 / 20000 frames...
        Embedded 624 / 20000 frames...
        Embedded 632 / 20000 frames...
        Embedded 640 / 20000 frames...
        Embedded 648 / 20000 frames...
        Embedded 656 / 20000 frames...
        Embedded 664 / 20000 frames...
        Embedded 672 / 20000 frames...
        Embedded 680 / 20000 frames...
        Embedded 688 / 20000 frames...
        Embedded 696 / 20000 frames...
        Embedded 704 / 20000 frames...
        Embedded 712 / 20000 frames...
        Embedded 720 / 20000 frames...
        Embedded 728 / 20000 frames...
        Embedded 736 / 20000 frames...
        Embedded 744 / 20000 frames...
        Embedded 752 / 20000 frames...
        Embedded 760 / 20000 frames...
        Embedded 768 / 20000 frames...
        Embedded 776 / 20000 frames...
        Embedded 784 / 20000 frames...
        Embedded 792 / 20000 frames...
        Embedded 800 / 20000 frames...
        Embedded 808 / 20000 frames...
        Embedded 816 / 20000 frames...
        Embedded 824 / 20000 frames...
        Embedded 832 / 20000 frames...
        Embedded 840 / 20000 frames...
        Embedded 848 / 20000 frames...
        Embedded 856 / 20000 frames...
        Embedded 864 / 20000 frames...
        Embedded 872 / 20000 frames...
        Embedded 880 / 20000 frames...
        Embedded 888 / 20000 frames...
        Embedded 896 / 20000 frames...
        Embedded 904 / 20000 frames...
        Embedded 912 / 20000 frames...
        Embedded 920 / 20000 frames...
        Embedded 928 / 20000 frames...
        Embedded 936 / 20000 frames...
        Embedded 944 / 20000 frames...
        Embedded 952 / 20000 frames...
        Embedded 960 / 20000 frames...
        Embedded 968 / 20000 frames...
        Embedded 976 / 20000 frames...
        Embedded 984 / 20000 frames...
        Embedded 992 / 20000 frames...
        Embedded 1000 / 20000 frames...
        Embedded 1008 / 20000 frames...
        Embedded 1016 / 20000 frames...
        Embedded 1024 / 20000 frames...
        Embedded 1032 / 20000 frames...
        Embedded 1040 / 20000 frames...
        Embedded 1048 / 20000 frames...
        Embedded 1056 / 20000 frames...
        Embedded 1064 / 20000 frames...
        Embedded 1072 / 20000 frames...
        Embedded 1080 / 20000 frames...
        Embedded 1088 / 20000 frames...
        Embedded 1096 / 20000 frames...
        Embedded 1104 / 20000 frames...
        Embedded 1112 / 20000 frames...
        Embedded 1120 / 20000 frames...
        Embedded 1128 / 20000 frames...
        Embedded 1136 / 20000 frames...
        Embedded 1144 / 20000 frames...
        Embedded 1152 / 20000 frames...
        Embedded 1160 / 20000 frames...
        Embedded 1168 / 20000 frames...
        Embedded 1176 / 20000 frames...
        Embedded 1184 / 20000 frames...
        Embedded 1192 / 20000 frames...
        Embedded 1200 / 20000 frames...
        Embedded 1208 / 20000 frames...
        Embedded 1216 / 20000 frames...
        Embedded 1224 / 20000 frames...
        Embedded 1232 / 20000 frames...
        Embedded 1240 / 20000 frames...
        Embedded 1248 / 20000 frames...
        Embedded 1256 / 20000 frames...
        Embedded 1264 / 20000 frames...
        Embedded 1272 / 20000 frames...
        Embedded 1280 / 20000 frames...
        Embedded 1288 / 20000 frames...
        Embedded 1296 / 20000 frames...
        Embedded 1304 / 20000 frames...
        Embedded 1312 / 20000 frames...
        Embedded 1320 / 20000 frames...
        Embedded 1328 / 20000 frames...
        Embedded 1336 / 20000 frames...
        Embedded 1344 / 20000 frames...
        Embedded 1352 / 20000 frames...
        Embedded 1360 / 20000 frames...
        Embedded 1368 / 20000 frames...
        Embedded 1376 / 20000 frames...
        Embedded 1384 / 20000 frames...
        Embedded 1392 / 20000 frames...
        Embedded 1400 / 20000 frames...
        Embedded 1408 / 20000 frames...
        Embedded 1416 / 20000 frames...
        Embedded 1424 / 20000 frames...
        Embedded 1432 / 20000 frames...
        Embedded 1440 / 20000 frames...
        Embedded 1448 / 20000 frames...
        Embedded 1456 / 20000 frames...
        Embedded 1464 / 20000 frames...
        Embedded 1472 / 20000 frames...
        Embedded 1480 / 20000 frames...
        Embedded 1488 / 20000 frames...
        Embedded 1496 / 20000 frames...
        Embedded 1504 / 20000 frames...
        Embedded 1512 / 20000 frames...
        Embedded 1520 / 20000 frames...
        Embedded 1528 / 20000 frames...
        Embedded 1536 / 20000 frames...
        Embedded 1544 / 20000 frames...
        Embedded 1552 / 20000 frames...
        Embedded 1560 / 20000 frames...
        Embedded 1568 / 20000 frames...
        Embedded 1576 / 20000 frames...
        Embedded 1584 / 20000 frames...
        Embedded 1592 / 20000 frames...
        Embedded 1600 / 20000 frames...
        Embedded 1608 / 20000 frames...
        Embedded 1616 / 20000 frames...
        Embedded 1624 / 20000 frames...
        Embedded 1632 / 20000 frames...
        Embedded 1640 / 20000 frames...
        Embedded 1648 / 20000 frames...
        Embedded 1656 / 20000 frames...
        Embedded 1664 / 20000 frames...
        Embedded 1672 / 20000 frames...
        Embedded 1680 / 20000 frames...
        Embedded 1688 / 20000 frames...
        Embedded 1696 / 20000 frames...
        Embedded 1704 / 20000 frames...
        Embedded 1712 / 20000 frames...
        Embedded 1720 / 20000 frames...
        Embedded 1728 / 20000 frames...
        Embedded 1736 / 20000 frames...
        Embedded 1744 / 20000 frames...
        Embedded 1752 / 20000 frames...
        Embedded 1760 / 20000 frames...
        Embedded 1768 / 20000 frames...
        Embedded 1776 / 20000 frames...
        Embedded 1784 / 20000 frames...
        Embedded 1792 / 20000 frames...
        Embedded 1800 / 20000 frames...
        Embedded 1808 / 20000 frames...
        Embedded 1816 / 20000 frames...
        Embedded 1824 / 20000 frames...
        Embedded 1832 / 20000 frames...
        Embedded 1840 / 20000 frames...
        Embedded 1848 / 20000 frames...
        Embedded 1856 / 20000 frames...
        Embedded 1864 / 20000 frames...
        Embedded 1872 / 20000 frames...
        Embedded 1880 / 20000 frames...
        Embedded 1888 / 20000 frames...
        Embedded 1896 / 20000 frames...
        Embedded 1904 / 20000 frames...
        Embedded 1912 / 20000 frames...
        Embedded 1920 / 20000 frames...
        Embedded 1928 / 20000 frames...
        Embedded 1936 / 20000 frames...
        Embedded 1944 / 20000 frames...
        Embedded 1952 / 20000 frames...
        Embedded 1960 / 20000 frames...
        Embedded 1968 / 20000 frames...
        Embedded 1976 / 20000 frames...
        Embedded 1984 / 20000 frames...
        Embedded 1992 / 20000 frames...
        Embedded 2000 / 20000 frames...
        Embedded 2008 / 20000 frames...
        Embedded 2016 / 20000 frames...
        Embedded 2024 / 20000 frames...
        Embedded 2032 / 20000 frames...
        Embedded 2040 / 20000 frames...
        Embedded 2048 / 20000 frames...
        Embedded 2056 / 20000 frames...
        Embedded 2064 / 20000 frames...
        Embedded 2072 / 20000 frames...
        Embedded 2080 / 20000 frames...
        Embedded 2088 / 20000 frames...
        Embedded 2096 / 20000 frames...
        Embedded 2104 / 20000 frames...
        Embedded 2112 / 20000 frames...
        Embedded 2120 / 20000 frames...
        Embedded 2128 / 20000 frames...
        Embedded 2136 / 20000 frames...
        Embedded 2144 / 20000 frames...
        Embedded 2152 / 20000 frames...
        Embedded 2160 / 20000 frames...
        Embedded 2168 / 20000 frames...
        Embedded 2176 / 20000 frames...
        Embedded 2184 / 20000 frames...
        Embedded 2192 / 20000 frames...
        Embedded 2200 / 20000 frames...
        Embedded 2208 / 20000 frames...
        Embedded 2216 / 20000 frames...
        Embedded 2224 / 20000 frames...
        Embedded 2232 / 20000 frames...
        Embedded 2240 / 20000 frames...
        Embedded 2248 / 20000 frames...
        Embedded 2256 / 20000 frames...
        Embedded 2264 / 20000 frames...
        Embedded 2272 / 20000 frames...
        Embedded 2280 / 20000 frames...
        Embedded 2288 / 20000 frames...
        Embedded 2296 / 20000 frames...
        Embedded 2304 / 20000 frames...
        Embedded 2312 / 20000 frames...
        Embedded 2320 / 20000 frames...
        Embedded 2328 / 20000 frames...
        Embedded 2336 / 20000 frames...
        Embedded 2344 / 20000 frames...
        Embedded 2352 / 20000 frames...
        Embedded 2360 / 20000 frames...
        Embedded 2368 / 20000 frames...
        Embedded 2376 / 20000 frames...
        Embedded 2384 / 20000 frames...
        Embedded 2392 / 20000 frames...
        Embedded 2400 / 20000 frames...
        Embedded 2408 / 20000 frames...
        Embedded 2416 / 20000 frames...
        Embedded 2424 / 20000 frames...
        Embedded 2432 / 20000 frames...
        Embedded 2440 / 20000 frames...
        Embedded 2448 / 20000 frames...
        Embedded 2456 / 20000 frames...
        Embedded 2464 / 20000 frames...
        Embedded 2472 / 20000 frames...
        Embedded 2480 / 20000 frames...
        Embedded 2488 / 20000 frames...
        Embedded 2496 / 20000 frames...
        Embedded 2504 / 20000 frames...
        Embedded 2512 / 20000 frames...
        Embedded 2520 / 20000 frames...
        Embedded 2528 / 20000 frames...
        Embedded 2536 / 20000 frames...
        Embedded 2544 / 20000 frames...
        Embedded 2552 / 20000 frames...
        Embedded 2560 / 20000 frames...
        Embedded 2568 / 20000 frames...
        Embedded 2576 / 20000 frames...
        Embedded 2584 / 20000 frames...
        Embedded 2592 / 20000 frames...
        Embedded 2600 / 20000 frames...
        Embedded 2608 / 20000 frames...
        Embedded 2616 / 20000 frames...
        Embedded 2624 / 20000 frames...
        Embedded 2632 / 20000 frames...
        Embedded 2640 / 20000 frames...
        Embedded 2648 / 20000 frames...
        Embedded 2656 / 20000 frames...
        Embedded 2664 / 20000 frames...
        Embedded 2672 / 20000 frames...
        Embedded 2680 / 20000 frames...
        Embedded 2688 / 20000 frames...
        Embedded 2696 / 20000 frames...
        Embedded 2704 / 20000 frames...
        Embedded 2712 / 20000 frames...
        Embedded 2720 / 20000 frames...
        Embedded 2728 / 20000 frames...
        Embedded 2736 / 20000 frames...
        Embedded 2744 / 20000 frames...
        Embedded 2752 / 20000 frames...
        Embedded 2760 / 20000 frames...
        Embedded 2768 / 20000 frames...
        Embedded 2776 / 20000 frames...
        Embedded 2784 / 20000 frames...
        Embedded 2792 / 20000 frames...
        Embedded 2800 / 20000 frames...
        Embedded 2808 / 20000 frames...
        Embedded 2816 / 20000 frames...
        Embedded 2824 / 20000 frames...
        Embedded 2832 / 20000 frames...
        Embedded 2840 / 20000 frames...
        Embedded 2848 / 20000 frames...
        Embedded 2856 / 20000 frames...
        Embedded 2864 / 20000 frames...
        Embedded 2872 / 20000 frames...
        Embedded 2880 / 20000 frames...
        Embedded 2888 / 20000 frames...
        Embedded 2896 / 20000 frames...
        Embedded 2904 / 20000 frames...
        Embedded 2912 / 20000 frames...
        Embedded 2920 / 20000 frames...
        Embedded 2928 / 20000 frames...
        Embedded 2936 / 20000 frames...
        Embedded 2944 / 20000 frames...
        Embedded 2952 / 20000 frames...
        Embedded 2960 / 20000 frames...
        Embedded 2968 / 20000 frames...
        Embedded 2976 / 20000 frames...
        Embedded 2984 / 20000 frames...
        Embedded 2992 / 20000 frames...
        Embedded 3000 / 20000 frames...
        Embedded 3008 / 20000 frames...
        Embedded 3016 / 20000 frames...
        Embedded 3024 / 20000 frames...
        Embedded 3032 / 20000 frames...
        Embedded 3040 / 20000 frames...
        Embedded 3048 / 20000 frames...
        Embedded 3056 / 20000 frames...
        Embedded 3064 / 20000 frames...
        Embedded 3072 / 20000 frames...
        Embedded 3080 / 20000 frames...
        Embedded 3088 / 20000 frames...
        Embedded 3096 / 20000 frames...
        Embedded 3104 / 20000 frames...
        Embedded 3112 / 20000 frames...
        Embedded 3120 / 20000 frames...
        Embedded 3128 / 20000 frames...
        Embedded 3136 / 20000 frames...
        Embedded 3144 / 20000 frames...
        Embedded 3152 / 20000 frames...
        Embedded 3160 / 20000 frames...
        Embedded 3168 / 20000 frames...
        Embedded 3176 / 20000 frames...
        Embedded 3184 / 20000 frames...
        Embedded 3192 / 20000 frames...
        Embedded 3200 / 20000 frames...
        Embedded 3208 / 20000 frames...
        Embedded 3216 / 20000 frames...
        Embedded 3224 / 20000 frames...
        Embedded 3232 / 20000 frames...
        Embedded 3240 / 20000 frames...
        Embedded 3248 / 20000 frames...
        Embedded 3256 / 20000 frames...
        Embedded 3264 / 20000 frames...
        Embedded 3272 / 20000 frames...
        Embedded 3280 / 20000 frames...
        Embedded 3288 / 20000 frames...
        Embedded 3296 / 20000 frames...
        Embedded 3304 / 20000 frames...
        Embedded 3312 / 20000 frames...
        Embedded 3320 / 20000 frames...
        Embedded 3328 / 20000 frames...
        Embedded 3336 / 20000 frames...
        Embedded 3344 / 20000 frames...
        Embedded 3352 / 20000 frames...
        Embedded 3360 / 20000 frames...
        Embedded 3368 / 20000 frames...
        Embedded 3376 / 20000 frames...
        Embedded 3384 / 20000 frames...
        Embedded 3392 / 20000 frames...
        Embedded 3400 / 20000 frames...
        Embedded 3408 / 20000 frames...
        Embedded 3416 / 20000 frames...
        Embedded 3424 / 20000 frames...
        Embedded 3432 / 20000 frames...
        Embedded 3440 / 20000 frames...
        Embedded 3448 / 20000 frames...
        Embedded 3456 / 20000 frames...
        Embedded 3464 / 20000 frames...
        Embedded 3472 / 20000 frames...
        Embedded 3480 / 20000 frames...
        Embedded 3488 / 20000 frames...
        Embedded 3496 / 20000 frames...
        Embedded 3504 / 20000 frames...
        Embedded 3512 / 20000 frames...
        Embedded 3520 / 20000 frames...
        Embedded 3528 / 20000 frames...
        Embedded 3536 / 20000 frames...
        Embedded 3544 / 20000 frames...
        Embedded 3552 / 20000 frames...
        Embedded 3560 / 20000 frames...
        Embedded 3568 / 20000 frames...
        Embedded 3576 / 20000 frames...
        Embedded 3584 / 20000 frames...
        Embedded 3592 / 20000 frames...
        Embedded 3600 / 20000 frames...
        Embedded 3608 / 20000 frames...
        Embedded 3616 / 20000 frames...
        Embedded 3624 / 20000 frames...
        Embedded 3632 / 20000 frames...
        Embedded 3640 / 20000 frames...
        Embedded 3648 / 20000 frames...
        Embedded 3656 / 20000 frames...
        Embedded 3664 / 20000 frames...
        Embedded 3672 / 20000 frames...
        Embedded 3680 / 20000 frames...
        Embedded 3688 / 20000 frames...
        Embedded 3696 / 20000 frames...
        Embedded 3704 / 20000 frames...
        Embedded 3712 / 20000 frames...
        Embedded 3720 / 20000 frames...
        Embedded 3728 / 20000 frames...
        Embedded 3736 / 20000 frames...
        Embedded 3744 / 20000 frames...
        Embedded 3752 / 20000 frames...
        Embedded 3760 / 20000 frames...
        Embedded 3768 / 20000 frames...
        Embedded 3776 / 20000 frames...
        Embedded 3784 / 20000 frames...
        Embedded 3792 / 20000 frames...
        Embedded 3800 / 20000 frames...
        Embedded 3808 / 20000 frames...
        Embedded 3816 / 20000 frames...
        Embedded 3824 / 20000 frames...
        Embedded 3832 / 20000 frames...
        Embedded 3840 / 20000 frames...
        Embedded 3848 / 20000 frames...
        Embedded 3856 / 20000 frames...
        Embedded 3864 / 20000 frames...
        Embedded 3872 / 20000 frames...
        Embedded 3880 / 20000 frames...
        Embedded 3888 / 20000 frames...
        Embedded 3896 / 20000 frames...
        Embedded 3904 / 20000 frames...
        Embedded 3912 / 20000 frames...
        Embedded 3920 / 20000 frames...
        Embedded 3928 / 20000 frames...
        Embedded 3936 / 20000 frames...
        Embedded 3944 / 20000 frames...
        Embedded 3952 / 20000 frames...
        Embedded 3960 / 20000 frames...
        Embedded 3968 / 20000 frames...
        Embedded 3976 / 20000 frames...
        Embedded 3984 / 20000 frames...
        Embedded 3992 / 20000 frames...
        Embedded 4000 / 20000 frames...
        Embedded 4008 / 20000 frames...
        Embedded 4016 / 20000 frames...
        Embedded 4024 / 20000 frames...
        Embedded 4032 / 20000 frames...
        Embedded 4040 / 20000 frames...
        Embedded 4048 / 20000 frames...
        Embedded 4056 / 20000 frames...
        Embedded 4064 / 20000 frames...
        Embedded 4072 / 20000 frames...
        Embedded 4080 / 20000 frames...
        Embedded 4088 / 20000 frames...
        Embedded 4096 / 20000 frames...
        Embedded 4104 / 20000 frames...
        Embedded 4112 / 20000 frames...
        Embedded 4120 / 20000 frames...
        Embedded 4128 / 20000 frames...
        Embedded 4136 / 20000 frames...
        Embedded 4144 / 20000 frames...
        Embedded 4152 / 20000 frames...
        Embedded 4160 / 20000 frames...
        Embedded 4168 / 20000 frames...
        Embedded 4176 / 20000 frames...
        Embedded 4184 / 20000 frames...
        Embedded 4192 / 20000 frames...
        Embedded 4200 / 20000 frames...
        Embedded 4208 / 20000 frames...
        Embedded 4216 / 20000 frames...
        Embedded 4224 / 20000 frames...
        Embedded 4232 / 20000 frames...
        Embedded 4240 / 20000 frames...
        Embedded 4248 / 20000 frames...
        Embedded 4256 / 20000 frames...
        Embedded 4264 / 20000 frames...
        Embedded 4272 / 20000 frames...
        Embedded 4280 / 20000 frames...
        Embedded 4288 / 20000 frames...
        Embedded 4296 / 20000 frames...
        Embedded 4304 / 20000 frames...
        Embedded 4312 / 20000 frames...
        Embedded 4320 / 20000 frames...
        Embedded 4328 / 20000 frames...
        Embedded 4336 / 20000 frames...
        Embedded 4344 / 20000 frames...
        Embedded 4352 / 20000 frames...
        Embedded 4360 / 20000 frames...
        Embedded 4368 / 20000 frames...
        Embedded 4376 / 20000 frames...
        Embedded 4384 / 20000 frames...
        Embedded 4392 / 20000 frames...
        Embedded 4400 / 20000 frames...
        Embedded 4408 / 20000 frames...
        Embedded 4416 / 20000 frames...
        Embedded 4424 / 20000 frames...
        Embedded 4432 / 20000 frames...
        Embedded 4440 / 20000 frames...
        Embedded 4448 / 20000 frames...
        Embedded 4456 / 20000 frames...
        Embedded 4464 / 20000 frames...
        Embedded 4472 / 20000 frames...
        Embedded 4480 / 20000 frames...
        Embedded 4488 / 20000 frames...
        Embedded 4496 / 20000 frames...
        Embedded 4504 / 20000 frames...
        Embedded 4512 / 20000 frames...
        Embedded 4520 / 20000 frames...
        Embedded 4528 / 20000 frames...
        Embedded 4536 / 20000 frames...
        Embedded 4544 / 20000 frames...
        Embedded 4552 / 20000 frames...
        Embedded 4560 / 20000 frames...
        Embedded 4568 / 20000 frames...
        Embedded 4576 / 20000 frames...
        Embedded 4584 / 20000 frames...
        Embedded 4592 / 20000 frames...
        Embedded 4600 / 20000 frames...
        Embedded 4608 / 20000 frames...
        Embedded 4616 / 20000 frames...
        Embedded 4624 / 20000 frames...
        Embedded 4632 / 20000 frames...
        Embedded 4640 / 20000 frames...
        Embedded 4648 / 20000 frames...
        Embedded 4656 / 20000 frames...
        Embedded 4664 / 20000 frames...
        Embedded 4672 / 20000 frames...
        Embedded 4680 / 20000 frames...
        Embedded 4688 / 20000 frames...
        Embedded 4696 / 20000 frames...
        Embedded 4704 / 20000 frames...
        Embedded 4712 / 20000 frames...
        Embedded 4720 / 20000 frames...
        Embedded 4728 / 20000 frames...
        Embedded 4736 / 20000 frames...
        Embedded 4744 / 20000 frames...
        Embedded 4752 / 20000 frames...
        Embedded 4760 / 20000 frames...
        Embedded 4768 / 20000 frames...
        Embedded 4776 / 20000 frames...
        Embedded 4784 / 20000 frames...
        Embedded 4792 / 20000 frames...
        Embedded 4800 / 20000 frames...
        Embedded 4808 / 20000 frames...
        Embedded 4816 / 20000 frames...
        Embedded 4824 / 20000 frames...
        Embedded 4832 / 20000 frames...
        Embedded 4840 / 20000 frames...
        Embedded 4848 / 20000 frames...
        Embedded 4856 / 20000 frames...
        Embedded 4864 / 20000 frames...
        Embedded 4872 / 20000 frames...
        Embedded 4880 / 20000 frames...
        Embedded 4888 / 20000 frames...
        Embedded 4896 / 20000 frames...
        Embedded 4904 / 20000 frames...
        Embedded 4912 / 20000 frames...
        Embedded 4920 / 20000 frames...
        Embedded 4928 / 20000 frames...
        Embedded 4936 / 20000 frames...
        Embedded 4944 / 20000 frames...
        Embedded 4952 / 20000 frames...
        Embedded 4960 / 20000 frames...
        Embedded 4968 / 20000 frames...
        Embedded 4976 / 20000 frames...
        Embedded 4984 / 20000 frames...
        Embedded 4992 / 20000 frames...
        Embedded 5000 / 20000 frames...
        Embedded 5008 / 20000 frames...
        Embedded 5016 / 20000 frames...
        Embedded 5024 / 20000 frames...
        Embedded 5032 / 20000 frames...
        Embedded 5040 / 20000 frames...
        Embedded 5048 / 20000 frames...
        Embedded 5056 / 20000 frames...
        Embedded 5064 / 20000 frames...
        Embedded 5072 / 20000 frames...
        Embedded 5080 / 20000 frames...
        Embedded 5088 / 20000 frames...
        Embedded 5096 / 20000 frames...
        Embedded 5104 / 20000 frames...
        Embedded 5112 / 20000 frames...
        Embedded 5120 / 20000 frames...
        Embedded 5128 / 20000 frames...
        Embedded 5136 / 20000 frames...
        Embedded 5144 / 20000 frames...
        Embedded 5152 / 20000 frames...
        Embedded 5160 / 20000 frames...
        Embedded 5168 / 20000 frames...
        Embedded 5176 / 20000 frames...
        Embedded 5184 / 20000 frames...
        Embedded 5192 / 20000 frames...
        Embedded 5200 / 20000 frames...
        Embedded 5208 / 20000 frames...
        Embedded 5216 / 20000 frames...
        Embedded 5224 / 20000 frames...
        Embedded 5232 / 20000 frames...
        Embedded 5240 / 20000 frames...
        Embedded 5248 / 20000 frames...
        Embedded 5256 / 20000 frames...
        Embedded 5264 / 20000 frames...
        Embedded 5272 / 20000 frames...
        Embedded 5280 / 20000 frames...
        Embedded 5288 / 20000 frames...
        Embedded 5296 / 20000 frames...
        Embedded 5304 / 20000 frames...
        Embedded 5312 / 20000 frames...
        Embedded 5320 / 20000 frames...
        Embedded 5328 / 20000 frames...
        Embedded 5336 / 20000 frames...
        Embedded 5344 / 20000 frames...
        Embedded 5352 / 20000 frames...
        Embedded 5360 / 20000 frames...
        Embedded 5368 / 20000 frames...
        Embedded 5376 / 20000 frames...
        Embedded 5384 / 20000 frames...
        Embedded 5392 / 20000 frames...
        Embedded 5400 / 20000 frames...
        Embedded 5408 / 20000 frames...
        Embedded 5416 / 20000 frames...
        Embedded 5424 / 20000 frames...
        Embedded 5432 / 20000 frames...
        Embedded 5440 / 20000 frames...
        Embedded 5448 / 20000 frames...
        Embedded 5456 / 20000 frames...
        Embedded 5464 / 20000 frames...
        Embedded 5472 / 20000 frames...
        Embedded 5480 / 20000 frames...
        Embedded 5488 / 20000 frames...
        Embedded 5496 / 20000 frames...
        Embedded 5504 / 20000 frames...
        Embedded 5512 / 20000 frames...
        Embedded 5520 / 20000 frames...
        Embedded 5528 / 20000 frames...
        Embedded 5536 / 20000 frames...
        Embedded 5544 / 20000 frames...
        Embedded 5552 / 20000 frames...
        Embedded 5560 / 20000 frames...
        Embedded 5568 / 20000 frames...
        Embedded 5576 / 20000 frames...
        Embedded 5584 / 20000 frames...
        Embedded 5592 / 20000 frames...
        Embedded 5600 / 20000 frames...
        Embedded 5608 / 20000 frames...
        Embedded 5616 / 20000 frames...
        Embedded 5624 / 20000 frames...
        Embedded 5632 / 20000 frames...
        Embedded 5640 / 20000 frames...
        Embedded 5648 / 20000 frames...
        Embedded 5656 / 20000 frames...
        Embedded 5664 / 20000 frames...
        Embedded 5672 / 20000 frames...
        Embedded 5680 / 20000 frames...
        Embedded 5688 / 20000 frames...
        Embedded 5696 / 20000 frames...
        Embedded 5704 / 20000 frames...
        Embedded 5712 / 20000 frames...
        Embedded 5720 / 20000 frames...
        Embedded 5728 / 20000 frames...
        Embedded 5736 / 20000 frames...
        Embedded 5744 / 20000 frames...
        Embedded 5752 / 20000 frames...
        Embedded 5760 / 20000 frames...
        Embedded 5768 / 20000 frames...
        Embedded 5776 / 20000 frames...
        Embedded 5784 / 20000 frames...
        Embedded 5792 / 20000 frames...
        Embedded 5800 / 20000 frames...
        Embedded 5808 / 20000 frames...
        Embedded 5816 / 20000 frames...
        Embedded 5824 / 20000 frames...
        Embedded 5832 / 20000 frames...
        Embedded 5840 / 20000 frames...
        Embedded 5848 / 20000 frames...
        Embedded 5856 / 20000 frames...
        Embedded 5864 / 20000 frames...
        Embedded 5872 / 20000 frames...
        Embedded 5880 / 20000 frames...
        Embedded 5888 / 20000 frames...
        Embedded 5896 / 20000 frames...
        Embedded 5904 / 20000 frames...
        Embedded 5912 / 20000 frames...
        Embedded 5920 / 20000 frames...
        Embedded 5928 / 20000 frames...
        Embedded 5936 / 20000 frames...
        Embedded 5944 / 20000 frames...
        Embedded 5952 / 20000 frames...
        Embedded 5960 / 20000 frames...
        Embedded 5968 / 20000 frames...
        Embedded 5976 / 20000 frames...
        Embedded 5984 / 20000 frames...
        Embedded 5992 / 20000 frames...
        Embedded 6000 / 20000 frames...
        Embedded 6008 / 20000 frames...
        Embedded 6016 / 20000 frames...
        Embedded 6024 / 20000 frames...
        Embedded 6032 / 20000 frames...
        Embedded 6040 / 20000 frames...
        Embedded 6048 / 20000 frames...
        Embedded 6056 / 20000 frames...
        Embedded 6064 / 20000 frames...
        Embedded 6072 / 20000 frames...
        Embedded 6080 / 20000 frames...
        Embedded 6088 / 20000 frames...
        Embedded 6096 / 20000 frames...
        Embedded 6104 / 20000 frames...
        Embedded 6112 / 20000 frames...
        Embedded 6120 / 20000 frames...
        Embedded 6128 / 20000 frames...
        Embedded 6136 / 20000 frames...
        Embedded 6144 / 20000 frames...
        Embedded 6152 / 20000 frames...
        Embedded 6160 / 20000 frames...
        Embedded 6168 / 20000 frames...
        Embedded 6176 / 20000 frames...
        Embedded 6184 / 20000 frames...
        Embedded 6192 / 20000 frames...
        Embedded 6200 / 20000 frames...
        Embedded 6208 / 20000 frames...
        Embedded 6216 / 20000 frames...
        Embedded 6224 / 20000 frames...
        Embedded 6232 / 20000 frames...
        Embedded 6240 / 20000 frames...
        Embedded 6248 / 20000 frames...
        Embedded 6256 / 20000 frames...
        Embedded 6264 / 20000 frames...
        Embedded 6272 / 20000 frames...
        Embedded 6280 / 20000 frames...
        Embedded 6288 / 20000 frames...
        Embedded 6296 / 20000 frames...
        Embedded 6304 / 20000 frames...
        Embedded 6312 / 20000 frames...
        Embedded 6320 / 20000 frames...
        Embedded 6328 / 20000 frames...
        Embedded 6336 / 20000 frames...
        Embedded 6344 / 20000 frames...
        Embedded 6352 / 20000 frames...
        Embedded 6360 / 20000 frames...
        Embedded 6368 / 20000 frames...
        Embedded 6376 / 20000 frames...
        Embedded 6384 / 20000 frames...
        Embedded 6392 / 20000 frames...
        Embedded 6400 / 20000 frames...
        Embedded 6408 / 20000 frames...
        Embedded 6416 / 20000 frames...
        Embedded 6424 / 20000 frames...
        Embedded 6432 / 20000 frames...
        Embedded 6440 / 20000 frames...
        Embedded 6448 / 20000 frames...
        Embedded 6456 / 20000 frames...
        Embedded 6464 / 20000 frames...
        Embedded 6472 / 20000 frames...
        Embedded 6480 / 20000 frames...
        Embedded 6488 / 20000 frames...
        Embedded 6496 / 20000 frames...
        Embedded 6504 / 20000 frames...
        Embedded 6512 / 20000 frames...
        Embedded 6520 / 20000 frames...
        Embedded 6528 / 20000 frames...
        Embedded 6536 / 20000 frames...
        Embedded 6544 / 20000 frames...
        Embedded 6552 / 20000 frames...
        Embedded 6560 / 20000 frames...
        Embedded 6568 / 20000 frames...
        Embedded 6576 / 20000 frames...
        Embedded 6584 / 20000 frames...
        Embedded 6592 / 20000 frames...
        Embedded 6600 / 20000 frames...
        Embedded 6608 / 20000 frames...
        Embedded 6616 / 20000 frames...
        Embedded 6624 / 20000 frames...
        Embedded 6632 / 20000 frames...
        Embedded 6640 / 20000 frames...
        Embedded 6648 / 20000 frames...
        Embedded 6656 / 20000 frames...
        Embedded 6664 / 20000 frames...
        Embedded 6672 / 20000 frames...
        Embedded 6680 / 20000 frames...
        Embedded 6688 / 20000 frames...
        Embedded 6696 / 20000 frames...
        Embedded 6704 / 20000 frames...
        Embedded 6712 / 20000 frames...
        Embedded 6720 / 20000 frames...
        Embedded 6728 / 20000 frames...
        Embedded 6736 / 20000 frames...
        Embedded 6744 / 20000 frames...
        Embedded 6752 / 20000 frames...
        Embedded 6760 / 20000 frames...
        Embedded 6768 / 20000 frames...
        Embedded 6776 / 20000 frames...
        Embedded 6784 / 20000 frames...
        Embedded 6792 / 20000 frames...
        Embedded 6800 / 20000 frames...
        Embedded 6808 / 20000 frames...
        Embedded 6816 / 20000 frames...
        Embedded 6824 / 20000 frames...
        Embedded 6832 / 20000 frames...
        Embedded 6840 / 20000 frames...
        Embedded 6848 / 20000 frames...
        Embedded 6856 / 20000 frames...
        Embedded 6864 / 20000 frames...
        Embedded 6872 / 20000 frames...
        Embedded 6880 / 20000 frames...
        Embedded 6888 / 20000 frames...
        Embedded 6896 / 20000 frames...
        Embedded 6904 / 20000 frames...
        Embedded 6912 / 20000 frames...
        Embedded 6920 / 20000 frames...
        Embedded 6928 / 20000 frames...
        Embedded 6936 / 20000 frames...
        Embedded 6944 / 20000 frames...
        Embedded 6952 / 20000 frames...
        Embedded 6960 / 20000 frames...
        Embedded 6968 / 20000 frames...
        Embedded 6976 / 20000 frames...
        Embedded 6984 / 20000 frames...
        Embedded 6992 / 20000 frames...
        Embedded 7000 / 20000 frames...
        Embedded 7008 / 20000 frames...
        Embedded 7016 / 20000 frames...
        Embedded 7024 / 20000 frames...
        Embedded 7032 / 20000 frames...
        Embedded 7040 / 20000 frames...
        Embedded 7048 / 20000 frames...
        Embedded 7056 / 20000 frames...
        Embedded 7064 / 20000 frames...
        Embedded 7072 / 20000 frames...
        Embedded 7080 / 20000 frames...
        Embedded 7088 / 20000 frames...
        Embedded 7096 / 20000 frames...
        Embedded 7104 / 20000 frames...
        Embedded 7112 / 20000 frames...
        Embedded 7120 / 20000 frames...
        Embedded 7128 / 20000 frames...
        Embedded 7136 / 20000 frames...
        Embedded 7144 / 20000 frames...
        Embedded 7152 / 20000 frames...
        Embedded 7160 / 20000 frames...
        Embedded 7168 / 20000 frames...
        Embedded 7176 / 20000 frames...
        Embedded 7184 / 20000 frames...
        Embedded 7192 / 20000 frames...
        Embedded 7200 / 20000 frames...
        Embedded 7208 / 20000 frames...
        Embedded 7216 / 20000 frames...
        Embedded 7224 / 20000 frames...
        Embedded 7232 / 20000 frames...
        Embedded 7240 / 20000 frames...
        Embedded 7248 / 20000 frames...
        Embedded 7256 / 20000 frames...
        Embedded 7264 / 20000 frames...
        Embedded 7272 / 20000 frames...
        Embedded 7280 / 20000 frames...
        Embedded 7288 / 20000 frames...
        Embedded 7296 / 20000 frames...
        Embedded 7304 / 20000 frames...
        Embedded 7312 / 20000 frames...
        Embedded 7320 / 20000 frames...
        Embedded 7328 / 20000 frames...
        Embedded 7336 / 20000 frames...
        Embedded 7344 / 20000 frames...
        Embedded 7352 / 20000 frames...
        Embedded 7360 / 20000 frames...
        Embedded 7368 / 20000 frames...
        Embedded 7376 / 20000 frames...
        Embedded 7384 / 20000 frames...
        Embedded 7392 / 20000 frames...
        Embedded 7400 / 20000 frames...
        Embedded 7408 / 20000 frames...
        Embedded 7416 / 20000 frames...
        Embedded 7424 / 20000 frames...
        Embedded 7432 / 20000 frames...
        Embedded 7440 / 20000 frames...
        Embedded 7448 / 20000 frames...
        Embedded 7456 / 20000 frames...
        Embedded 7464 / 20000 frames...
        Embedded 7472 / 20000 frames...
        Embedded 7480 / 20000 frames...
        Embedded 7488 / 20000 frames...
        Embedded 7496 / 20000 frames...
        Embedded 7504 / 20000 frames...
        Embedded 7512 / 20000 frames...
        Embedded 7520 / 20000 frames...
        Embedded 7528 / 20000 frames...
        Embedded 7536 / 20000 frames...
        Embedded 7544 / 20000 frames...
        Embedded 7552 / 20000 frames...
        Embedded 7560 / 20000 frames...
        Embedded 7568 / 20000 frames...
        Embedded 7576 / 20000 frames...
        Embedded 7584 / 20000 frames...
        Embedded 7592 / 20000 frames...
        Embedded 7600 / 20000 frames...
        Embedded 7608 / 20000 frames...
        Embedded 7616 / 20000 frames...
        Embedded 7624 / 20000 frames...
        Embedded 7632 / 20000 frames...
        Embedded 7640 / 20000 frames...
        Embedded 7648 / 20000 frames...
        Embedded 7656 / 20000 frames...
        Embedded 7664 / 20000 frames...
        Embedded 7672 / 20000 frames...
        Embedded 7680 / 20000 frames...
        Embedded 7688 / 20000 frames...
        Embedded 7696 / 20000 frames...
        Embedded 7704 / 20000 frames...
        Embedded 7712 / 20000 frames...
        Embedded 7720 / 20000 frames...
        Embedded 7728 / 20000 frames...
        Embedded 7736 / 20000 frames...
        Embedded 7744 / 20000 frames...
        Embedded 7752 / 20000 frames...
        Embedded 7760 / 20000 frames...
        Embedded 7768 / 20000 frames...
        Embedded 7776 / 20000 frames...
        Embedded 7784 / 20000 frames...
        Embedded 7792 / 20000 frames...
        Embedded 7800 / 20000 frames...
        Embedded 7808 / 20000 frames...
        Embedded 7816 / 20000 frames...
        Embedded 7824 / 20000 frames...
        Embedded 7832 / 20000 frames...
        Embedded 7840 / 20000 frames...
        Embedded 7848 / 20000 frames...
        Embedded 7856 / 20000 frames...
        Embedded 7864 / 20000 frames...
        Embedded 7872 / 20000 frames...
        Embedded 7880 / 20000 frames...
        Embedded 7888 / 20000 frames...
        Embedded 7896 / 20000 frames...
        Embedded 7904 / 20000 frames...
        Embedded 7912 / 20000 frames...
        Embedded 7920 / 20000 frames...
        Embedded 7928 / 20000 frames...
        Embedded 7936 / 20000 frames...
        Embedded 7944 / 20000 frames...
        Embedded 7952 / 20000 frames...
        Embedded 7960 / 20000 frames...
        Embedded 7968 / 20000 frames...
        Embedded 7976 / 20000 frames...
        Embedded 7984 / 20000 frames...
        Embedded 7992 / 20000 frames...
        Embedded 8000 / 20000 frames...
        Embedded 8008 / 20000 frames...
        Embedded 8016 / 20000 frames...
        Embedded 8024 / 20000 frames...
        Embedded 8032 / 20000 frames...
        Embedded 8040 / 20000 frames...
        Embedded 8048 / 20000 frames...
        Embedded 8056 / 20000 frames...
        Embedded 8064 / 20000 frames...
        Embedded 8072 / 20000 frames...
        Embedded 8080 / 20000 frames...
        Embedded 8088 / 20000 frames...
        Embedded 8096 / 20000 frames...
        Embedded 8104 / 20000 frames...
        Embedded 8112 / 20000 frames...
        Embedded 8120 / 20000 frames...
        Embedded 8128 / 20000 frames...
        Embedded 8136 / 20000 frames...
        Embedded 8144 / 20000 frames...
        Embedded 8152 / 20000 frames...
        Embedded 8160 / 20000 frames...
        Embedded 8168 / 20000 frames...
        Embedded 8176 / 20000 frames...
        Embedded 8184 / 20000 frames...
        Embedded 8192 / 20000 frames...
        Embedded 8200 / 20000 frames...
        Embedded 8208 / 20000 frames...
        Embedded 8216 / 20000 frames...
        Embedded 8224 / 20000 frames...
        Embedded 8232 / 20000 frames...
        Embedded 8240 / 20000 frames...
        Embedded 8248 / 20000 frames...
        Embedded 8256 / 20000 frames...
        Embedded 8264 / 20000 frames...
        Embedded 8272 / 20000 frames...
        Embedded 8280 / 20000 frames...
        Embedded 8288 / 20000 frames...
        Embedded 8296 / 20000 frames...
        Embedded 8304 / 20000 frames...
        Embedded 8312 / 20000 frames...
        Embedded 8320 / 20000 frames...
        Embedded 8328 / 20000 frames...
        Embedded 8336 / 20000 frames...
        Embedded 8344 / 20000 frames...
        Embedded 8352 / 20000 frames...
        Embedded 8360 / 20000 frames...
        Embedded 8368 / 20000 frames...
        Embedded 8376 / 20000 frames...
        Embedded 8384 / 20000 frames...
        Embedded 8392 / 20000 frames...
        Embedded 8400 / 20000 frames...
        Embedded 8408 / 20000 frames...
        Embedded 8416 / 20000 frames...
        Embedded 8424 / 20000 frames...
        Embedded 8432 / 20000 frames...
        Embedded 8440 / 20000 frames...
        Embedded 8448 / 20000 frames...
        Embedded 8456 / 20000 frames...
        Embedded 8464 / 20000 frames...
        Embedded 8472 / 20000 frames...
        Embedded 8480 / 20000 frames...
        Embedded 8488 / 20000 frames...
        Embedded 8496 / 20000 frames...
        Embedded 8504 / 20000 frames...
        Embedded 8512 / 20000 frames...
        Embedded 8520 / 20000 frames...
        Embedded 8528 / 20000 frames...
        Embedded 8536 / 20000 frames...
        Embedded 8544 / 20000 frames...
        Embedded 8552 / 20000 frames...
        Embedded 8560 / 20000 frames...
        Embedded 8568 / 20000 frames...
        Embedded 8576 / 20000 frames...
        Embedded 8584 / 20000 frames...
        Embedded 8592 / 20000 frames...
        Embedded 8600 / 20000 frames...
        Embedded 8608 / 20000 frames...
        Embedded 8616 / 20000 frames...
        Embedded 8624 / 20000 frames...
        Embedded 8632 / 20000 frames...
        Embedded 8640 / 20000 frames...
        Embedded 8648 / 20000 frames...
        Embedded 8656 / 20000 frames...
        Embedded 8664 / 20000 frames...
        Embedded 8672 / 20000 frames...
        Embedded 8680 / 20000 frames...
        Embedded 8688 / 20000 frames...
        Embedded 8696 / 20000 frames...
        Embedded 8704 / 20000 frames...
        Embedded 8712 / 20000 frames...
        Embedded 8720 / 20000 frames...
        Embedded 8728 / 20000 frames...
        Embedded 8736 / 20000 frames...
        Embedded 8744 / 20000 frames...
        Embedded 8752 / 20000 frames...
        Embedded 8760 / 20000 frames...
        Embedded 8768 / 20000 frames...
        Embedded 8776 / 20000 frames...
        Embedded 8784 / 20000 frames...
        Embedded 8792 / 20000 frames...
        Embedded 8800 / 20000 frames...
        Embedded 8808 / 20000 frames...
        Embedded 8816 / 20000 frames...
        Embedded 8824 / 20000 frames...
        Embedded 8832 / 20000 frames...
        Embedded 8840 / 20000 frames...
        Embedded 8848 / 20000 frames...
        Embedded 8856 / 20000 frames...
        Embedded 8864 / 20000 frames...
        Embedded 8872 / 20000 frames...
        Embedded 8880 / 20000 frames...
        Embedded 8888 / 20000 frames...
        Embedded 8896 / 20000 frames...
        Embedded 8904 / 20000 frames...
        Embedded 8912 / 20000 frames...
        Embedded 8920 / 20000 frames...
        Embedded 8928 / 20000 frames...
        Embedded 8936 / 20000 frames...
        Embedded 8944 / 20000 frames...
        Embedded 8952 / 20000 frames...
        Embedded 8960 / 20000 frames...
        Embedded 8968 / 20000 frames...
        Embedded 8976 / 20000 frames...
        Embedded 8984 / 20000 frames...
        Embedded 8992 / 20000 frames...
        Embedded 9000 / 20000 frames...
        Embedded 9008 / 20000 frames...
        Embedded 9016 / 20000 frames...
        Embedded 9024 / 20000 frames...
        Embedded 9032 / 20000 frames...
        Embedded 9040 / 20000 frames...
        Embedded 9048 / 20000 frames...
        Embedded 9056 / 20000 frames...
        Embedded 9064 / 20000 frames...
        Embedded 9072 / 20000 frames...
        Embedded 9080 / 20000 frames...
        Embedded 9088 / 20000 frames...
        Embedded 9096 / 20000 frames...
        Embedded 9104 / 20000 frames...
        Embedded 9112 / 20000 frames...
        Embedded 9120 / 20000 frames...
        Embedded 9128 / 20000 frames...
        Embedded 9136 / 20000 frames...
        Embedded 9144 / 20000 frames...
        Embedded 9152 / 20000 frames...
        Embedded 9160 / 20000 frames...
        Embedded 9168 / 20000 frames...
        Embedded 9176 / 20000 frames...
        Embedded 9184 / 20000 frames...
        Embedded 9192 / 20000 frames...
        Embedded 9200 / 20000 frames...
        Embedded 9208 / 20000 frames...
        Embedded 9216 / 20000 frames...
        Embedded 9224 / 20000 frames...
        Embedded 9232 / 20000 frames...
        Embedded 9240 / 20000 frames...
        Embedded 9248 / 20000 frames...
        Embedded 9256 / 20000 frames...
        Embedded 9264 / 20000 frames...
        Embedded 9272 / 20000 frames...
        Embedded 9280 / 20000 frames...
        Embedded 9288 / 20000 frames...
        Embedded 9296 / 20000 frames...
        Embedded 9304 / 20000 frames...
        Embedded 9312 / 20000 frames...
        Embedded 9320 / 20000 frames...
        Embedded 9328 / 20000 frames...
        Embedded 9336 / 20000 frames...
        Embedded 9344 / 20000 frames...
        Embedded 9352 / 20000 frames...
        Embedded 9360 / 20000 frames...
        Embedded 9368 / 20000 frames...
        Embedded 9376 / 20000 frames...
        Embedded 9384 / 20000 frames...
        Embedded 9392 / 20000 frames...
        Embedded 9400 / 20000 frames...
        Embedded 9408 / 20000 frames...
        Embedded 9416 / 20000 frames...
        Embedded 9424 / 20000 frames...
        Embedded 9432 / 20000 frames...
        Embedded 9440 / 20000 frames...
        Embedded 9448 / 20000 frames...
        Embedded 9456 / 20000 frames...
        Embedded 9464 / 20000 frames...
        Embedded 9472 / 20000 frames...
        Embedded 9480 / 20000 frames...
        Embedded 9488 / 20000 frames...
        Embedded 9496 / 20000 frames...
        Embedded 9504 / 20000 frames...
        Embedded 9512 / 20000 frames...
        Embedded 9520 / 20000 frames...
        Embedded 9528 / 20000 frames...
        Embedded 9536 / 20000 frames...
        Embedded 9544 / 20000 frames...
        Embedded 9552 / 20000 frames...
        Embedded 9560 / 20000 frames...
        Embedded 9568 / 20000 frames...
        Embedded 9576 / 20000 frames...
        Embedded 9584 / 20000 frames...
        Embedded 9592 / 20000 frames...
        Embedded 9600 / 20000 frames...
        Embedded 9608 / 20000 frames...
        Embedded 9616 / 20000 frames...
        Embedded 9624 / 20000 frames...
        Embedded 9632 / 20000 frames...
        Embedded 9640 / 20000 frames...
        Embedded 9648 / 20000 frames...
        Embedded 9656 / 20000 frames...
        Embedded 9664 / 20000 frames...
        Embedded 9672 / 20000 frames...
        Embedded 9680 / 20000 frames...
        Embedded 9688 / 20000 frames...
        Embedded 9696 / 20000 frames...
        Embedded 9704 / 20000 frames...
        Embedded 9712 / 20000 frames...
        Embedded 9720 / 20000 frames...
        Embedded 9728 / 20000 frames...
        Embedded 9736 / 20000 frames...
        Embedded 9744 / 20000 frames...
        Embedded 9752 / 20000 frames...
        Embedded 9760 / 20000 frames...
        Embedded 9768 / 20000 frames...
        Embedded 9776 / 20000 frames...
        Embedded 9784 / 20000 frames...
        Embedded 9792 / 20000 frames...
        Embedded 9800 / 20000 frames...
        Embedded 9808 / 20000 frames...
        Embedded 9816 / 20000 frames...
        Embedded 9824 / 20000 frames...
        Embedded 9832 / 20000 frames...
        Embedded 9840 / 20000 frames...
        Embedded 9848 / 20000 frames...
        Embedded 9856 / 20000 frames...
        Embedded 9864 / 20000 frames...
        Embedded 9872 / 20000 frames...
        Embedded 9880 / 20000 frames...
        Embedded 9888 / 20000 frames...
        Embedded 9896 / 20000 frames...
        Embedded 9904 / 20000 frames...
        Embedded 9912 / 20000 frames...
        Embedded 9920 / 20000 frames...
        Embedded 9928 / 20000 frames...
        Embedded 9936 / 20000 frames...
        Embedded 9944 / 20000 frames...
        Embedded 9952 / 20000 frames...
        Embedded 9960 / 20000 frames...
        Embedded 9968 / 20000 frames...
        Embedded 9976 / 20000 frames...
        Embedded 9984 / 20000 frames...
        Embedded 9992 / 20000 frames...
        Embedded 10000 / 20000 frames...
        Embedded 10008 / 20000 frames...
        Embedded 10016 / 20000 frames...
        Embedded 10024 / 20000 frames...
        Embedded 10032 / 20000 frames...
        Embedded 10040 / 20000 frames...
        Embedded 10048 / 20000 frames...
        Embedded 10056 / 20000 frames...
        Embedded 10064 / 20000 frames...
        Embedded 10072 / 20000 frames...
        Embedded 10080 / 20000 frames...
        Embedded 10088 / 20000 frames...
        Embedded 10096 / 20000 frames...
        Embedded 10104 / 20000 frames...
        Embedded 10112 / 20000 frames...
        Embedded 10120 / 20000 frames...
        Embedded 10128 / 20000 frames...
        Embedded 10136 / 20000 frames...
        Embedded 10144 / 20000 frames...
        Embedded 10152 / 20000 frames...
        Embedded 10160 / 20000 frames...
        Embedded 10168 / 20000 frames...
        Embedded 10176 / 20000 frames...
        Embedded 10184 / 20000 frames...
        Embedded 10192 / 20000 frames...
        Embedded 10200 / 20000 frames...
        Embedded 10208 / 20000 frames...
        Embedded 10216 / 20000 frames...
        Embedded 10224 / 20000 frames...
        Embedded 10232 / 20000 frames...
        Embedded 10240 / 20000 frames...
        Embedded 10248 / 20000 frames...
        Embedded 10256 / 20000 frames...
        Embedded 10264 / 20000 frames...
        Embedded 10272 / 20000 frames...
        Embedded 10280 / 20000 frames...
        Embedded 10288 / 20000 frames...
        Embedded 10296 / 20000 frames...
        Embedded 10304 / 20000 frames...
        Embedded 10312 / 20000 frames...
        Embedded 10320 / 20000 frames...
        Embedded 10328 / 20000 frames...
        Embedded 10336 / 20000 frames...
        Embedded 10344 / 20000 frames...
        Embedded 10352 / 20000 frames...
        Embedded 10360 / 20000 frames...
        Embedded 10368 / 20000 frames...
        Embedded 10376 / 20000 frames...
        Embedded 10384 / 20000 frames...
        Embedded 10392 / 20000 frames...
        Embedded 10400 / 20000 frames...
        Embedded 10408 / 20000 frames...
        Embedded 10416 / 20000 frames...
        Embedded 10424 / 20000 frames...
        Embedded 10432 / 20000 frames...
        Embedded 10440 / 20000 frames...
        Embedded 10448 / 20000 frames...
        Embedded 10456 / 20000 frames...
        Embedded 10464 / 20000 frames...
        Embedded 10472 / 20000 frames...
        Embedded 10480 / 20000 frames...
        Embedded 10488 / 20000 frames...
        Embedded 10496 / 20000 frames...
        Embedded 10504 / 20000 frames...
        Embedded 10512 / 20000 frames...
        Embedded 10520 / 20000 frames...
        Embedded 10528 / 20000 frames...
        Embedded 10536 / 20000 frames...
        Embedded 10544 / 20000 frames...
        Embedded 10552 / 20000 frames...
        Embedded 10560 / 20000 frames...
        Embedded 10568 / 20000 frames...
        Embedded 10576 / 20000 frames...
        Embedded 10584 / 20000 frames...
        Embedded 10592 / 20000 frames...
        Embedded 10600 / 20000 frames...
        Embedded 10608 / 20000 frames...
        Embedded 10616 / 20000 frames...
        Embedded 10624 / 20000 frames...
        Embedded 10632 / 20000 frames...
        Embedded 10640 / 20000 frames...
        Embedded 10648 / 20000 frames...
        Embedded 10656 / 20000 frames...
        Embedded 10664 / 20000 frames...
        Embedded 10672 / 20000 frames...
        Embedded 10680 / 20000 frames...
        Embedded 10688 / 20000 frames...
        Embedded 10696 / 20000 frames...
        Embedded 10704 / 20000 frames...
        Embedded 10712 / 20000 frames...
        Embedded 10720 / 20000 frames...
        Embedded 10728 / 20000 frames...
        Embedded 10736 / 20000 frames...
        Embedded 10744 / 20000 frames...
        Embedded 10752 / 20000 frames...
        Embedded 10760 / 20000 frames...
        Embedded 10768 / 20000 frames...
        Embedded 10776 / 20000 frames...
        Embedded 10784 / 20000 frames...
        Embedded 10792 / 20000 frames...
        Embedded 10800 / 20000 frames...
        Embedded 10808 / 20000 frames...
        Embedded 10816 / 20000 frames...
        Embedded 10824 / 20000 frames...
        Embedded 10832 / 20000 frames...
        Embedded 10840 / 20000 frames...
        Embedded 10848 / 20000 frames...
        Embedded 10856 / 20000 frames...
        Embedded 10864 / 20000 frames...
        Embedded 10872 / 20000 frames...
        Embedded 10880 / 20000 frames...
        Embedded 10888 / 20000 frames...
        Embedded 10896 / 20000 frames...
        Embedded 10904 / 20000 frames...
        Embedded 10912 / 20000 frames...
        Embedded 10920 / 20000 frames...
        Embedded 10928 / 20000 frames...
        Embedded 10936 / 20000 frames...
        Embedded 10944 / 20000 frames...
        Embedded 10952 / 20000 frames...
        Embedded 10960 / 20000 frames...
        Embedded 10968 / 20000 frames...
        Embedded 10976 / 20000 frames...
        Embedded 10984 / 20000 frames...
        Embedded 10992 / 20000 frames...
        Embedded 11000 / 20000 frames...
        Embedded 11008 / 20000 frames...
        Embedded 11016 / 20000 frames...
        Embedded 11024 / 20000 frames...
        Embedded 11032 / 20000 frames...
        Embedded 11040 / 20000 frames...
        Embedded 11048 / 20000 frames...
        Embedded 11056 / 20000 frames...
        Embedded 11064 / 20000 frames...
        Embedded 11072 / 20000 frames...
        Embedded 11080 / 20000 frames...
        Embedded 11088 / 20000 frames...
        Embedded 11096 / 20000 frames...
        Embedded 11104 / 20000 frames...
        Embedded 11112 / 20000 frames...
        Embedded 11120 / 20000 frames...
        Embedded 11128 / 20000 frames...
        Embedded 11136 / 20000 frames...
        Embedded 11144 / 20000 frames...
        Embedded 11152 / 20000 frames...
        Embedded 11160 / 20000 frames...
        Embedded 11168 / 20000 frames...
        Embedded 11176 / 20000 frames...
        Embedded 11184 / 20000 frames...
        Embedded 11192 / 20000 frames...
        Embedded 11200 / 20000 frames...
        Embedded 11208 / 20000 frames...
        Embedded 11216 / 20000 frames...
        Embedded 11224 / 20000 frames...
        Embedded 11232 / 20000 frames...
        Embedded 11240 / 20000 frames...
        Embedded 11248 / 20000 frames...
        Embedded 11256 / 20000 frames...
        Embedded 11264 / 20000 frames...
        Embedded 11272 / 20000 frames...
        Embedded 11280 / 20000 frames...
        Embedded 11288 / 20000 frames...
        Embedded 11296 / 20000 frames...
        Embedded 11304 / 20000 frames...
        Embedded 11312 / 20000 frames...
        Embedded 11320 / 20000 frames...
        Embedded 11328 / 20000 frames...
        Embedded 11336 / 20000 frames...
        Embedded 11344 / 20000 frames...
        Embedded 11352 / 20000 frames...
        Embedded 11360 / 20000 frames...
        Embedded 11368 / 20000 frames...
        Embedded 11376 / 20000 frames...
        Embedded 11384 / 20000 frames...
        Embedded 11392 / 20000 frames...
        Embedded 11400 / 20000 frames...
        Embedded 11408 / 20000 frames...
        Embedded 11416 / 20000 frames...
