‚ē≠‚ĒÄ Modal Deprecatio‚ĒÄ‚ēģ
‚Ēā We have renamed   ‚Ēā
‚Ēā several           ‚Ēā
‚Ēā parameters        ‚Ēā
‚Ēā related to        ‚Ēā
‚Ēā autoscaling.      ‚Ēā
‚Ēā Please update     ‚Ēā
‚Ēā your code to use  ‚Ēā
‚Ēā the following new ‚Ēā
‚Ēā names:            ‚Ēā
‚Ēā                   ‚Ēā
‚Ēā -                 ‚Ēā
‚Ēā concurrency_limit ‚Ēā
‚Ēā -> max_containers ‚Ēā
‚Ēā                   ‚Ēā
‚Ēā See               ‚Ēā
‚Ēā https://modal.com ‚Ēā
‚Ēā /docs/guide/modal ‚Ēā
‚Ēā -1-0-migration    ‚Ēā
‚Ēā for more details. ‚Ēā
‚Ēā                   ‚Ēā
‚Ēā Source:           ‚Ēā
‚Ēā /home/thomas/deve ‚Ēā
‚Ēā lopment/experimen ‚Ēā
‚Ēā ts/Meta-s-Jepa/de ‚Ēā
‚Ēā coder/vjepa_walke ‚Ēā
‚Ēā r_replay_buffer_m ‚Ēā
‚Ēā odal.py:76        ‚Ēā
‚Ēā   @app.function(  ‚Ēā
‚ēį‚ĒÄ‚ĒÄ‚ĒÄ‚ĒÄ‚ĒÄ‚ĒÄ‚ĒÄ‚ĒÄ‚ĒÄ‚ĒÄ‚ĒÄ‚ĒÄ‚ĒÄ‚ĒÄ‚ĒÄ‚ĒÄ‚ĒÄ‚ĒÄ‚ĒÄ‚ēĮ
‚úď Initialized. View 
run at 
https://modal.com/app
s/thomas-15/main/ap-p
dO9VYufxDuVu0uy308UIl
‚úď Created objects.
‚Ēú‚ĒÄ‚ĒÄ ūüĒ® Created mount 
‚Ēā   /home/thomas/deve
‚Ēā   lopment/experimen
‚Ēā   ts/Meta-s-Jepa/de
‚Ēā   coder/vjepa_walke
‚Ēā   r_replay_buffer_m
‚Ēā   odal.py
‚Ēú‚ĒÄ‚ĒÄ ūüĒ® Created 
‚Ēā   function 
‚Ēā   embed_chunk.
‚ĒĒ‚ĒÄ‚ĒÄ ūüĒ® Created 
    function 
    walker_reward_dyn
    a_experiment.
/root/vjepa_walker_replay_buffer_modal.py:76: DeprecationError: 2025-02-24: We have renamed several parameters related to autoscaling. Please update your code to use the following new names:

- concurrency_limit -> max_containers

See https://modal.com/docs/guide/modal-1-0-migration for more details.
  @app.function(
======================================================================
META-S-JEPA  Experiment 9: Walker-Walk Frozen Reward Head
======================================================================

[1] Loading V-JEPA 2 encoder...

[1ALoading weights:   0%|          | 0/587 [00:00<?, ?it/s]
[1ALoading weights:   3%|‚Ėé         | 19/587 [00:00<00:02, 189.65it/s]
[1ALoading weights:   7%|‚Ėč         | 39/587 [00:00<00:02, 183.96it/s]
[1ALoading weights:  10%|‚ĖČ         | 58/587 [00:00<00:03, 164.87it/s]
[1ALoading weights:  15%|‚Ėą‚Ėć        | 88/587 [00:00<00:02, 213.11it/s]
[1ALoading weights:  19%|‚Ėą‚ĖČ        | 111/587 [00:00<00:02, 217.42it/s]
[1ALoading weights:  23%|‚Ėą‚Ėą‚Ėé       | 136/587 [00:00<00:02, 220.55it/s]
[1ALoading weights:  56%|‚Ėą‚Ėą‚Ėą‚Ėą‚Ėą‚ĖĆ    | 326/587 [00:00<00:00, 740.20it/s]
[1ALoading weights: 100%|‚Ėą‚Ėą‚Ėą‚Ėą‚Ėą‚Ėą‚Ėą‚Ėą‚Ėą‚Ėą| 587/587 [00:00<00:00, 771.46it/s]

[2] Loading offline raw walker frames from /rollouts/walker_walk...
    Loaded 20000 raw frames in 2.4s
    Embedding 20,000 offline frames across 10 workers in parallel...
/root/vjepa_walker_replay_buffer_modal.py:76: DeprecationError: 2025-02-24: We have renamed several parameters related to autoscaling. Please update your code to use the following new names:

- concurrency_limit -> max_containers

See https://modal.com/docs/guide/modal-1-0-migration for more details.
  @app.function(
/root/vjepa_walker_replay_buffer_modal.py:76: DeprecationError: 2025-02-24: We have renamed several parameters related to autoscaling. Please update your code to use the following new names:

- concurrency_limit -> max_containers

See https://modal.com/docs/guide/modal-1-0-migration for more details.
  @app.function(
/root/vjepa_walker_replay_buffer_modal.py:76: DeprecationError: 2025-02-24: We have renamed several parameters related to autoscaling. Please update your code to use the following new names:

- concurrency_limit -> max_containers

See https://modal.com/docs/guide/modal-1-0-migration for more details.
  @app.function(
Warning: You are sending unauthenticated requests to the HF Hub. Please set a HF_TOKEN to enable higher rate limits and faster downloads.
`torch_dtype` is deprecated! Use `dtype` instead!
/root/vjepa_walker_replay_buffer_modal.py:76: DeprecationError: 2025-02-24: We have renamed several parameters related to autoscaling. Please update your code to use the following new names:

- concurrency_limit -> max_containers

See https://modal.com/docs/guide/modal-1-0-migration for more details.
  @app.function(
/root/vjepa_walker_replay_buffer_modal.py:76: DeprecationError: 2025-02-24: We have renamed several parameters related to autoscaling. Please update your code to use the following new names:

- concurrency_limit -> max_containers

See https://modal.com/docs/guide/modal-1-0-migration for more details.
  @app.function(

[1ALoading weights:   0%|          | 0/587 [00:00<?, ?it/s]
[1ALoading weights:   9%|‚ĖČ         | 52/587 [00:00<00:01, 490.93it/s]
[1ALoading weights:  21%|‚Ėą‚Ėą        | 124/587 [00:00<00:00, 611.56it/s]
[1ALoading weights:  34%|‚Ėą‚Ėą‚Ėą‚Ėć      | 201/587 [00:00<00:00, 663.67it/s]
[1ALoading weights:  46%|‚Ėą‚Ėą‚Ėą‚Ėą‚ĖĆ     | 270/587 [00:00<00:00, 659.57it/s]
[1ALoading weights:  61%|‚Ėą‚Ėą‚Ėą‚Ėą‚Ėą‚Ėą    | 358/587 [00:00<00:00, 735.92it/s]
[1ALoading weights: 100%|‚Ėą‚Ėą‚Ėą‚Ėą‚Ėą‚Ėą‚Ėą‚Ėą‚Ėą‚Ėą| 587/587 [00:00<00:00, 1000.49it/s]
[0:2000] Loading frames_np from disk...
[0:2000] Embedding 2000 frames...
/root/vjepa_walker_replay_buffer_modal.py:76: DeprecationError: 2025-02-24: We have renamed several parameters related to autoscaling. Please update your code to use the following new names:

- concurrency_limit -> max_containers

See https://modal.com/docs/guide/modal-1-0-migration for more details.
  @app.function(
Warning: You are sending unauthenticated requests to the HF Hub. Please set a HF_TOKEN to enable higher rate limits and faster downloads.
`torch_dtype` is deprecated! Use `dtype` instead!
/root/vjepa_walker_replay_buffer_modal.py:76: DeprecationError: 2025-02-24: We have renamed several parameters related to autoscaling. Please update your code to use the following new names:

- concurrency_limit -> max_containers

See https://modal.com/docs/guide/modal-1-0-migration for more details.
  @app.function(

[1ALoading weights:   0%|          | 0/587 [00:00<?, ?it/s]
[1ALoading weights:   9%|‚ĖČ         | 52/587 [00:00<00:01, 505.91it/s]
[1ALoading weights:  21%|‚Ėą‚Ėą‚ĖŹ       | 126/587 [00:00<00:00, 593.27it/s]Warning: You are sending unauthenticated requests to the HF Hub. Please set a HF_TOKEN to enable higher rate limits and faster downloads.

[1ALoading weights:  35%|‚Ėą‚Ėą‚Ėą‚Ėć      | 204/587 [00:00<00:00, 666.27it/s]
[1ALoading weights:  46%|‚Ėą‚Ėą‚Ėą‚Ėą‚ĖĆ     | 271/587 [00:00<00:00, 594.48it/s]
[1ALoading weights:  57%|‚Ėą‚Ėą‚Ėą‚Ėą‚Ėą‚Ėč    | 334/587 [00:00<00:00, 567.91it/s]`torch_dtype` is deprecated! Use `dtype` instead!

[1ALoading weights:  92%|‚Ėą‚Ėą‚Ėą‚Ėą‚Ėą‚Ėą‚Ėą‚Ėą‚Ėą‚ĖŹ| 539/587 [00:00<00:00, 1017.91it/s]
[1ALoading weights: 100%|‚Ėą‚Ėą‚Ėą‚Ėą‚Ėą‚Ėą‚Ėą‚Ėą‚Ėą‚Ėą| 587/587 [00:00<00:00, 853.45it/s]
[4000:6000] Loading frames_np from disk...
[4000:6000] Embedding 2000 frames...
/root/vjepa_walker_replay_buffer_modal.py:76: DeprecationError: 2025-02-24: We have renamed several parameters related to autoscaling. Please update your code to use the following new names:

- concurrency_limit -> max_containers

See https://modal.com/docs/guide/modal-1-0-migration for more details.
  @app.function(

[1ALoading weights:   0%|          | 0/587 [00:00<?, ?it/s]Warning: You are sending unauthenticated requests to the HF Hub. Please set a HF_TOKEN to enable higher rate limits and faster downloads.
`torch_dtype` is deprecated! Use `dtype` instead!
/root/vjepa_walker_replay_buffer_modal.py:76: DeprecationError: 2025-02-24: We have renamed several parameters related to autoscaling. Please update your code to use the following new names:

- concurrency_limit -> max_containers

See https://modal.com/docs/guide/modal-1-0-migration for more details.
  @app.function(

[1ALoading weights:   6%|‚ĖĆ         | 35/587 [00:00<00:10, 50.66it/s]
[1ALoading weights:  16%|‚Ėą‚ĖĆ        | 92/587 [00:00<00:03, 137.84it/s]
[1ALoading weights:  24%|‚Ėą‚Ėą‚Ėć       | 142/587 [00:00<00:02, 207.62it/s]
[1ALoading weights:  39%|‚Ėą‚Ėą‚Ėą‚ĖČ      | 230/587 [00:01<00:01, 349.18it/s]
[1ALoading weights:   0%|          | 0/587 [00:00<?, ?it/s]
[1ALoading weights:  49%|‚Ėą‚Ėą‚Ėą‚Ėą‚ĖČ     | 288/587 [00:01<00:00, 397.31it/s]
[1ALoading weights:   6%|‚Ėč         | 38/587 [00:00<00:01, 315.60it/s]Warning: You are sending unauthenticated requests to the HF Hub. Please set a HF_TOKEN to enable higher rate limits and faster downloads.

[1ALoading weights:  60%|‚Ėą‚Ėą‚Ėą‚Ėą‚Ėą‚ĖČ    | 350/587 [00:01<00:00, 445.98it/s]
[1ALoading weights:  12%|‚Ėą‚ĖŹ        | 70/587 [00:00<00:01, 270.59it/s]
[1ALoading weights: 100%|‚Ėą‚Ėą‚Ėą‚Ėą‚Ėą‚Ėą‚Ėą‚Ėą‚Ėą‚Ėą| 587/587 [00:01<00:00, 450.39it/s]

[1ALoading weights:  17%|‚Ėą‚Ėč        | 98/587 [00:00<00:02, 227.25it/s]
[1ALoading weights:  21%|‚Ėą‚Ėą        | 122/587 [00:00<00:02, 214.60it/s]
[2000:4000] Loading frames_np from disk...
[1ALoading weights:  29%|‚Ėą‚Ėą‚ĖČ       | 172/587 [00:00<00:01, 281.07it/s]
[1ALoading weights:  35%|‚Ėą‚Ėą‚Ėą‚ĖĆ      | 206/587 [00:00<00:01, 296.10it/s]`torch_dtype` is deprecated! Use `dtype` instead!

[2000:4000] Embedding 2000 frames...
[1ALoading weights:  46%|‚Ėą‚Ėą‚Ėą‚Ėą‚ĖĆ     | 268/587 [00:00<00:00, 374.92it/s]
[1ALoading weights:  55%|‚Ėą‚Ėą‚Ėą‚Ėą‚Ėą‚ĖĆ    | 324/587 [00:00<00:00, 426.18it/s]`torch_dtype` is deprecated! Use `dtype` instead!

[1ALoading weights:  78%|‚Ėą‚Ėą‚Ėą‚Ėą‚Ėą‚Ėą‚Ėą‚Ėä  | 457/587 [00:01<00:00, 685.70it/s]
[1ALoading weights: 100%|‚Ėą‚Ėą‚Ėą‚Ėą‚Ėą‚Ėą‚Ėą‚Ėą‚Ėą‚Ėą| 587/587 [00:01<00:00, 532.98it/s]

[1ALoading weights:   0%|          | 0/587 [00:00<?, ?it/s]
[6000:8000] Loading frames_np from disk...
[1ALoading weights:   7%|‚Ėč         | 40/587 [00:00<00:02, 186.32it/s]
[1ALoading weights:  10%|‚Ėą         | 59/587 [00:00<00:03, 174.70it/s]
[1ALoading weights:  18%|‚Ėą‚Ėä        | 108/587 [00:00<00:01, 279.75it/s]
[6000:8000] Embedding 2000 frames...
[1ALoading weights:  32%|‚Ėą‚Ėą‚Ėą‚ĖŹ      | 190/587 [00:00<00:00, 446.18it/s]
[1ALoading weights:  48%|‚Ėą‚Ėą‚Ėą‚Ėą‚Ėä     | 282/587 [00:00<00:00, 592.11it/s]
[1ALoading weights:  65%|‚Ėą‚Ėą‚Ėą‚Ėą‚Ėą‚Ėą‚ĖĆ   | 382/587 [00:00<00:00, 715.95it/s]
[1ALoading weights: 100%|‚Ėą‚Ėą‚Ėą‚Ėą‚Ėą‚Ėą‚Ėą‚Ėą‚Ėą‚Ėą| 587/587 [00:00<00:00, 727.77it/s]

[1ALoading weights:   0%|          | 0/587 [00:00<?, ?it/s]
[1ALoading weights:   7%|‚Ėč         | 44/587 [00:00<00:01, 436.88it/s]`torch_dtype` is deprecated! Use `dtype` instead!

[10000:12000] Loading frames_np from disk...
[1ALoading weights:  18%|‚Ėą‚Ėä        | 108/587 [00:00<00:00, 538.37it/s]
[1ALoading weights:  32%|‚Ėą‚Ėą‚Ėą‚ĖŹ      | 190/587 [00:00<00:00, 648.13it/s]
[1ALoading weights:  44%|‚Ėą‚Ėą‚Ėą‚Ėą‚Ėć     | 259/587 [00:00<00:00, 630.13it/s]
[1ALoading weights:  56%|‚Ėą‚Ėą‚Ėą‚Ėą‚Ėą‚Ėč    | 331/587 [00:00<00:00, 657.06it/s]
[1ALoading weights:  72%|‚Ėą‚Ėą‚Ėą‚Ėą‚Ėą‚Ėą‚Ėą‚ĖŹ  | 420/587 [00:00<00:00, 733.05it/s]
[1ALoading weights: 100%|‚Ėą‚Ėą‚Ėą‚Ėą‚Ėą‚Ėą‚Ėą‚Ėą‚Ėą‚Ėą| 587/587 [00:00<00:00, 855.21it/s]

[1ALoading weights:   0%|          | 0/587 [00:00<?, ?it/s]
[10000:12000] Embedding 2000 frames...
[1ALoading weights:   9%|‚ĖČ         | 52/587 [00:00<00:01, 503.91it/s]
[8000:10000] Loading frames_np from disk...
[1ALoading weights:  18%|‚Ėą‚Ėä        | 103/587 [00:00<00:01, 244.68it/s]
[1ALoading weights:  27%|‚Ėą‚Ėą‚Ėč       | 158/587 [00:00<00:01, 304.05it/s]
[8000:10000] Embedding 2000 frames...
[1ALoading weights:  42%|‚Ėą‚Ėą‚Ėą‚Ėą‚ĖŹ     | 244/587 [00:00<00:00, 436.45it/s]
[1ALoading weights:  57%|‚Ėą‚Ėą‚Ėą‚Ėą‚Ėą‚Ėč    | 332/587 [00:00<00:00, 554.96it/s]
[1ALoading weights:  98%|‚Ėą‚Ėą‚Ėą‚Ėą‚Ėą‚Ėą‚Ėą‚Ėą‚Ėą‚Ėä| 576/587 [00:00<00:00, 1079.54it/s]
[1ALoading weights: 100%|‚Ėą‚Ėą‚Ėą‚Ėą‚Ėą‚Ėą‚Ėą‚Ėą‚Ėą‚Ėą| 587/587 [00:00<00:00, 698.32it/s]
`torch_dtype` is deprecated! Use `dtype` instead!
[0:2000] Embedded 160 / 2000 frames...
[12000:14000] Loading frames_np from disk...
[12000:14000] Embedding 2000 frames...

[1ALoading weights:   0%|          | 0/587 [00:00<?, ?it/s]
[1ALoading weights:  13%|‚Ėą‚Ėé        | 76/587 [00:00<00:00, 525.01it/s]
[1ALoading weights:  27%|‚Ėą‚Ėą‚Ėč       | 161/587 [00:00<00:00, 686.19it/s]
[1ALoading weights:  41%|‚Ėą‚Ėą‚Ėą‚Ėą      | 238/587 [00:00<00:00, 719.42it/s]
[1ALoading weights:  54%|‚Ėą‚Ėą‚Ėą‚Ėą‚Ėą‚Ėć    | 316/587 [00:00<00:00, 740.85it/s]
[1ALoading weights:  94%|‚Ėą‚Ėą‚Ėą‚Ėą‚Ėą‚Ėą‚Ėą‚Ėą‚Ėą‚Ėé| 549/587 [00:00<00:00, 1291.36it/s]Loading weights: 100%|‚Ėą‚Ėą‚Ėą‚Ėą‚Ėą‚Ėą‚Ėą‚Ėą‚Ėą‚Ėą| 587/587 [00:00<00:00, 1060.38it/s]
[14000:16000] Loading frames_np from disk...
[14000:16000] Embedding 2000 frames...
`torch_dtype` is deprecated! Use `dtype` instead!

[4000:6000] Embedded 160 / 2000 frames...
[1ALoading weights:   0%|          | 0/587 [00:00<?, ?it/s]
[1ALoading weights:  10%|‚ĖČ         | 57/587 [00:00<00:00, 557.31it/s]
[1ALoading weights:  24%|‚Ėą‚Ėą‚Ėć       | 140/587 [00:00<00:00, 703.13it/s]
[1ALoading weights:  37%|‚Ėą‚Ėą‚Ėą‚Ėč      | 216/587 [00:00<00:00, 711.21it/s]
[1ALoading weights:  49%|‚Ėą‚Ėą‚Ėą‚Ėą‚ĖČ     | 288/587 [00:00<00:00, 692.36it/s]
[1ALoading weights:  76%|‚Ėą‚Ėą‚Ėą‚Ėą‚Ėą‚Ėą‚Ėą‚Ėč  | 449/587 [00:00<00:00, 1011.05it/s]
[1ALoading weights: 100%|‚Ėą‚Ėą‚Ėą‚Ėą‚Ėą‚Ėą‚Ėą‚Ėą‚Ėą‚Ėą| 587/587 [00:00<00:00, 1042.78it/s]
[16000:18000] Loading frames_np from disk...
[16000:18000] Embedding 2000 frames...
[8000:10000] Embedded 160 / 2000 frames...
[10000:12000] Embedded 160 / 2000 frames...
[6000:8000] Embedded 160 / 2000 frames...
[0:2000] Embedded 320 / 2000 frames...
[14000:16000] Embedded 160 / 2000 frames...
[2000:4000] Embedded 160 / 2000 frames...
[12000:14000] Embedded 160 / 2000 frames...[4000:6000] Embedded 320 / 2000 frames...

[16000:18000] Embedded 160 / 2000 frames...
[8000:10000] Embedded 320 / 2000 frames...
[10000:12000] Embedded 320 / 2000 frames...
[0:2000] Embedded 480 / 2000 frames...
[6000:8000] Embedded 320 / 2000 frames...
[14000:16000] Embedded 320 / 2000 frames...
[16000:18000] Embedded 320 / 2000 frames...
[4000:6000] Embedded 480 / 2000 frames...
[8000:10000] Embedded 480 / 2000 frames...
[12000:14000] Embedded 320 / 2000 frames...
[2000:4000] Embedded 320 / 2000 frames...
[10000:12000] Embedded 480 / 2000 frames...
[16000:18000] Embedded 480 / 2000 frames...
[0:2000] Embedded 640 / 2000 frames...
[6000:8000] Embedded 480 / 2000 frames...
[8000:10000] Embedded 640 / 2000 frames...
[14000:16000] Embedded 480 / 2000 frames...
[4000:6000] Embedded 640 / 2000 frames...
[12000:14000] Embedded 480 / 2000 frames...
[16000:18000] Embedded 640 / 2000 frames...
[10000:12000] Embedded 640 / 2000 frames...[2000:4000] Embedded 480 / 2000 frames...

[8000:10000] Embedded 800 / 2000 frames...
[0:2000] Embedded 800 / 2000 frames...
[6000:8000] Embedded 640 / 2000 frames...
[4000:6000] Embedded 800 / 2000 frames...
[14000:16000] Embedded 640 / 2000 frames...
[16000:18000] Embedded 800 / 2000 frames...
[12000:14000] Embedded 640 / 2000 frames...
[8000:10000] Embedded 960 / 2000 frames...
[10000:12000] Embedded 800 / 2000 frames...
[0:2000] Embedded 960 / 2000 frames...
[6000:8000] Embedded 800 / 2000 frames...
[16000:18000] Embedded 960 / 2000 frames...
[4000:6000] Embedded 960 / 2000 frames...
[14000:16000] Embedded 800 / 2000 frames...
[2000:4000] Embedded 640 / 2000 frames...
[8000:10000] Embedded 1120 / 2000 frames...
[12000:14000] Embedded 800 / 2000 frames...
[10000:12000] Embedded 960 / 2000 frames...
[16000:18000] Embedded 1120 / 2000 frames...
[0:2000] Embedded 1120 / 2000 frames...
[6000:8000] Embedded 960 / 2000 frames...
[4000:6000] Embedded 1120 / 2000 frames...
[14000:16000] Embedded 960 / 2000 frames...
[8000:10000] Embedded 1280 / 2000 frames...
[2000:4000] Embedded 800 / 2000 frames...
[16000:18000] Embedded 1280 / 2000 frames...
[12000:14000] Embedded 960 / 2000 frames...
[10000:12000] Embedded 1120 / 2000 frames...
[8000:10000] Embedded 1440 / 2000 frames...
[0:2000] Embedded 1280 / 2000 frames...
[4000:6000] Embedded 1280 / 2000 frames...
[6000:8000] Embedded 1120 / 2000 frames...
[14000:16000] Embedded 1120 / 2000 frames...
[16000:18000] Embedded 1440 / 2000 frames...
[12000:14000] Embedded 1120 / 2000 frames...
[8000:10000] Embedded 1600 / 2000 frames...
[10000:12000] Embedded 1280 / 2000 frames...
[2000:4000] Embedded 960 / 2000 frames...
[4000:6000] Embedded 1440 / 2000 frames...
[0:2000] Embedded 1440 / 2000 frames...
[16000:18000] Embedded 1600 / 2000 frames...
[14000:16000] Embedded 1280 / 2000 frames...
[6000:8000] Embedded 1280 / 2000 frames...
[8000:10000] Embedded 1760 / 2000 frames...
[12000:14000] Embedded 1280 / 2000 frames...
[10000:12000] Embedded 1440 / 2000 frames...
[16000:18000] Embedded 1760 / 2000 frames...
[4000:6000] Embedded 1600 / 2000 frames...
[14000:16000] Embedded 1440 / 2000 frames...
[0:2000] Embedded 1600 / 2000 frames...
[6000:8000] Embedded 1440 / 2000 frames...
[2000:4000] Embedded 1120 / 2000 frames...[8000:10000] Embedded 1920 / 2000 frames...

[16000:18000] Embedded 1920 / 2000 frames...
[12000:14000] Embedded 1440 / 2000 frames...
[10000:12000] Embedded 1600 / 2000 frames...[8000:10000] Done!


[1ALoading weights:   0%|          | 0/587 [00:00<?, ?it/s]
[16000:18000] Done!
[1ALoading weights:  30%|‚Ėą‚Ėą‚ĖČ       | 175/587 [00:00<00:00, 1726.84it/s]
[1ALoading weights:  59%|‚Ėą‚Ėą‚Ėą‚Ėą‚Ėą‚ĖČ    | 348/587 [00:00<00:00, 1594.11it/s]
[1ALoading weights: 100%|‚Ėą‚Ėą‚Ėą‚Ėą‚Ėą‚Ėą‚Ėą‚Ėą‚Ėą‚Ėą| 587/587 [00:00<00:00, 1881.41it/s]
[18000:20000] Loading frames_np from disk...
[18000:20000] Embedding 2000 frames...
[4000:6000] Embedded 1760 / 2000 frames...
[14000:16000] Embedded 1600 / 2000 frames...
[0:2000] Embedded 1760 / 2000 frames...
[6000:8000] Embedded 1600 / 2000 frames...
[10000:12000] Embedded 1760 / 2000 frames...[12000:14000] Embedded 1600 / 2000 frames...

[2000:4000] Embedded 1280 / 2000 frames...
[18000:20000] Embedded 160 / 2000 frames...
[4000:6000] Embedded 1920 / 2000 frames...
[14000:16000] Embedded 1760 / 2000 frames...
[6000:8000] Embedded 1760 / 2000 frames...
[0:2000] Embedded 1920 / 2000 frames...
[4000:6000] Done!
[18000:20000] Embedded 320 / 2000 frames...
[10000:12000] Embedded 1920 / 2000 frames...
[12000:14000] Embedded 1760 / 2000 frames...
[0:2000] Done!
[14000:16000] Embedded 1920 / 2000 frames...
[2000:4000] Embedded 1440 / 2000 frames...
[10000:12000] Done!
[18000:20000] Embedded 480 / 2000 frames...
[6000:8000] Embedded 1920 / 2000 frames...
[14000:16000] Done!
[12000:14000] Embedded 1920 / 2000 frames...
[6000:8000] Done!
[18000:20000] Embedded 640 / 2000 frames...
[12000:14000] Done!
[2000:4000] Embedded 1600 / 2000 frames...
[18000:20000] Embedded 800 / 2000 frames...
[18000:20000] Embedded 960 / 2000 frames...
[2000:4000] Embedded 1760 / 2000 frames...
[18000:20000] Embedded 1120 / 2000 frames...
[2000:4000] Embedded 1920 / 2000 frames...
[18000:20000] Embedded 1280 / 2000 frames...
[2000:4000] Done!
[18000:20000] Embedded 1440 / 2000 frames...
[18000:20000] Embedded 1600 / 2000 frames...
[18000:20000] Embedded 1760 / 2000 frames...
[18000:20000] Embedded 1920 / 2000 frames...
[18000:20000] Done!
    Embedded 20000 frames in 3.3 min
    Saved offline embeddings to cache volume.
    Offline dataset: 19999 transitions  (loaded in 3.3 min)

[3] Loading Exp6 walker dynamics MLP checkpoint (warm start)...
/root/vjepa_walker_replay_buffer_modal.py:306: FutureWarning: You are using `torch.load` with `weights_only=False` (the current default value), which uses the default pickle module implicitly. It is possible to construct malicious pickle data which will execute arbitrary code during unpickling (See https://github.com/pytorch/pytorch/blob/main/SECURITY.md#untrusted-models for more details). In a future release, the default value for `weights_only` will be flipped to `True`. This limits the functions that could be executed during unpickling. Arbitrary objects will no longer be allowed to be loaded via this mode unless they are explicitly allowlisted by the user via `torch.serialization.add_safe_globals`. We recommend you start setting `weights_only=True` for any use case where you don't have full control of the loaded file. Please open an issue on GitHub for any issues related to this experimental feature.
  ckpt = torch.load(ckpt_path, map_location=device)
    ‚úď Loaded walker_dynamics_mlp.pt  val_loss=0.03773721307516098

[4] Collecting initial labelled rollouts (random policy, with rewards)...
